[2024-08-30T23:40:14.118+0000] {manager.py:483} INFO - Processing files using up to 2 processes at a time 
[2024-08-30T23:40:14.121+0000] {manager.py:484} INFO - Process each file at most once every 30 seconds
[2024-08-30T23:40:14.124+0000] {manager.py:485} INFO - Checking for new files in /opt/airflow/dags every 300 seconds
[2024-08-30T23:40:14.126+0000] {manager.py:821} INFO - Searching for files in /opt/airflow/dags
[2024-08-30T23:40:14.136+0000] {manager.py:824} INFO - There are 0 files in /opt/airflow/dags
[2024-08-30T23:45:14.342+0000] {manager.py:821} INFO - Searching for files in /opt/airflow/dags
[2024-08-30T23:45:14.373+0000] {manager.py:824} INFO - There are 0 files in /opt/airflow/dags
[2024-08-30T23:50:14.515+0000] {manager.py:821} INFO - Searching for files in /opt/airflow/dags
[2024-08-30T23:50:14.530+0000] {manager.py:824} INFO - There are 0 files in /opt/airflow/dags
[2024-08-30T23:55:15.448+0000] {manager.py:821} INFO - Searching for files in /opt/airflow/dags
[2024-08-30T23:55:15.456+0000] {manager.py:824} INFO - There are 0 files in /opt/airflow/dags
[2024-08-30T23:56:07.547+0000] {manager.py:465} INFO - Exiting gracefully upon receiving signal 15
[2024-08-30T23:58:23.365+0000] {manager.py:483} INFO - Processing files using up to 2 processes at a time 
[2024-08-30T23:58:23.366+0000] {manager.py:484} INFO - Process each file at most once every 30 seconds
[2024-08-30T23:58:23.368+0000] {manager.py:485} INFO - Checking for new files in /opt/airflow/dags every 300 seconds
[2024-08-30T23:58:23.369+0000] {manager.py:821} INFO - Searching for files in /opt/airflow/dags
[2024-08-30T23:58:23.380+0000] {manager.py:824} INFO - There are 0 files in /opt/airflow/dags
[2024-08-31T00:03:23.584+0000] {manager.py:821} INFO - Searching for files in /opt/airflow/dags
[2024-08-31T00:03:23.656+0000] {manager.py:824} INFO - There are 0 files in /opt/airflow/dags
[2024-08-31T00:08:24.261+0000] {manager.py:821} INFO - Searching for files in /opt/airflow/dags
[2024-08-31T00:08:24.268+0000] {manager.py:824} INFO - There are 0 files in /opt/airflow/dags
[2024-08-31T00:13:24.478+0000] {manager.py:821} INFO - Searching for files in /opt/airflow/dags
[2024-08-31T00:13:24.585+0000] {manager.py:824} INFO - There are 0 files in /opt/airflow/dags
[2024-08-31T00:18:24.783+0000] {manager.py:821} INFO - Searching for files in /opt/airflow/dags
[2024-08-31T00:18:24.806+0000] {manager.py:824} INFO - There are 0 files in /opt/airflow/dags
[2024-08-31T00:23:24.890+0000] {manager.py:821} INFO - Searching for files in /opt/airflow/dags
[2024-08-31T00:23:24.907+0000] {manager.py:824} INFO - There are 1 files in /opt/airflow/dags
[2024-08-31T00:23:41.363+0000] {manager.py:997} INFO - 
================================================================================
DAG File Processing Stats

File Path                            PID    Runtime      # DAGs    # Errors  Last Runtime    Last Run               Last # of DB Queries
-----------------------------------  -----  ---------  --------  ----------  --------------  -------------------  ----------------------
/opt/airflow/dags/blockchain_dag.py                           0           1  0.29s           2024-08-31T00:23:25                       3
================================================================================
[2024-08-31T00:24:11.766+0000] {manager.py:997} INFO - 
================================================================================
DAG File Processing Stats

File Path                            PID    Runtime      # DAGs    # Errors  Last Runtime    Last Run               Last # of DB Queries
-----------------------------------  -----  ---------  --------  ----------  --------------  -------------------  ----------------------
/opt/airflow/dags/blockchain_dag.py                           0           1  0.14s           2024-08-31T00:23:55                       5
================================================================================
[2024-08-31T00:24:42.373+0000] {manager.py:997} INFO - 
================================================================================
DAG File Processing Stats

File Path                            PID    Runtime      # DAGs    # Errors  Last Runtime    Last Run               Last # of DB Queries
-----------------------------------  -----  ---------  --------  ----------  --------------  -------------------  ----------------------
/opt/airflow/dags/blockchain_dag.py                           0           1  0.26s           2024-08-31T00:24:26                       5
================================================================================
[2024-08-31T00:25:12.869+0000] {manager.py:997} INFO - 
================================================================================
DAG File Processing Stats

File Path                            PID    Runtime      # DAGs    # Errors  Last Runtime    Last Run               Last # of DB Queries
-----------------------------------  -----  ---------  --------  ----------  --------------  -------------------  ----------------------
/opt/airflow/dags/blockchain_dag.py                           0           1  0.17s           2024-08-31T00:24:56                       5
================================================================================
[2024-08-31T00:25:43.394+0000] {manager.py:997} INFO - 
================================================================================
DAG File Processing Stats

File Path                            PID    Runtime      # DAGs    # Errors  Last Runtime    Last Run               Last # of DB Queries
-----------------------------------  -----  ---------  --------  ----------  --------------  -------------------  ----------------------
/opt/airflow/dags/blockchain_dag.py                           0           1  0.14s           2024-08-31T00:25:27                       5
================================================================================
[2024-08-31T00:26:07.976+0000] {manager.py:465} INFO - Exiting gracefully upon receiving signal 15
[2024-08-31T00:29:01.398+0000] {manager.py:483} INFO - Processing files using up to 2 processes at a time 
[2024-08-31T00:29:01.414+0000] {manager.py:484} INFO - Process each file at most once every 30 seconds
[2024-08-31T00:29:01.430+0000] {manager.py:485} INFO - Checking for new files in /opt/airflow/dags every 300 seconds
[2024-08-31T00:29:01.445+0000] {manager.py:821} INFO - Searching for files in /opt/airflow/dags
[2024-08-31T00:29:01.611+0000] {manager.py:824} INFO - There are 1 files in /opt/airflow/dags
[2024-08-31T00:29:01.869+0000] {manager.py:997} INFO - 
================================================================================
DAG File Processing Stats

File Path                              PID  Runtime      # DAGs    # Errors  Last Runtime    Last Run      Last # of DB Queries
-----------------------------------  -----  ---------  --------  ----------  --------------  ----------  ----------------------
/opt/airflow/dags/blockchain_dag.py     38  0.08s             0           0                                                   0
================================================================================
[2024-08-31T00:29:32.634+0000] {manager.py:997} INFO - 
================================================================================
DAG File Processing Stats

File Path                              PID  Runtime      # DAGs    # Errors  Last Runtime    Last Run               Last # of DB Queries
-----------------------------------  -----  ---------  --------  ----------  --------------  -------------------  ----------------------
/opt/airflow/dags/blockchain_dag.py     45  0.01s             0           1  0.21s           2024-08-31T00:29:01                       5
================================================================================
[2024-08-31T00:30:03.443+0000] {manager.py:997} INFO - 
================================================================================
DAG File Processing Stats

File Path                              PID  Runtime      # DAGs    # Errors  Last Runtime    Last Run               Last # of DB Queries
-----------------------------------  -----  ---------  --------  ----------  --------------  -------------------  ----------------------
/opt/airflow/dags/blockchain_dag.py     54  0.04s             0           1  0.14s           2024-08-31T00:29:32                       5
================================================================================
[2024-08-31T00:30:33.976+0000] {manager.py:997} INFO - 
================================================================================
DAG File Processing Stats

File Path                            PID    Runtime      # DAGs    # Errors  Last Runtime    Last Run               Last # of DB Queries
-----------------------------------  -----  ---------  --------  ----------  --------------  -------------------  ----------------------
/opt/airflow/dags/blockchain_dag.py                           0           1  1.16s           2024-08-31T00:30:04                       5
================================================================================
[2024-08-31T00:31:04.451+0000] {manager.py:997} INFO - 
================================================================================
DAG File Processing Stats

File Path                            PID    Runtime      # DAGs    # Errors  Last Runtime    Last Run               Last # of DB Queries
-----------------------------------  -----  ---------  --------  ----------  --------------  -------------------  ----------------------
/opt/airflow/dags/blockchain_dag.py                           0           1  0.16s           2024-08-31T00:30:35                       5
================================================================================
[2024-08-31T00:31:35.040+0000] {manager.py:997} INFO - 
================================================================================
DAG File Processing Stats

File Path                            PID    Runtime      # DAGs    # Errors  Last Runtime    Last Run               Last # of DB Queries
-----------------------------------  -----  ---------  --------  ----------  --------------  -------------------  ----------------------
/opt/airflow/dags/blockchain_dag.py                           0           1  0.18s           2024-08-31T00:31:05                       5
================================================================================
[2024-08-31T00:32:05.563+0000] {manager.py:997} INFO - 
================================================================================
DAG File Processing Stats

File Path                            PID    Runtime      # DAGs    # Errors  Last Runtime    Last Run               Last # of DB Queries
-----------------------------------  -----  ---------  --------  ----------  --------------  -------------------  ----------------------
/opt/airflow/dags/blockchain_dag.py                           0           1  0.20s           2024-08-31T00:31:36                       5
================================================================================
[2024-08-31T00:32:36.031+0000] {manager.py:997} INFO - 
================================================================================
DAG File Processing Stats

File Path                            PID    Runtime      # DAGs    # Errors  Last Runtime    Last Run               Last # of DB Queries
-----------------------------------  -----  ---------  --------  ----------  --------------  -------------------  ----------------------
/opt/airflow/dags/blockchain_dag.py                           0           1  0.13s           2024-08-31T00:32:06                       5
================================================================================
[2024-08-31T00:33:06.593+0000] {manager.py:997} INFO - 
================================================================================
DAG File Processing Stats

File Path                            PID    Runtime      # DAGs    # Errors  Last Runtime    Last Run               Last # of DB Queries
-----------------------------------  -----  ---------  --------  ----------  --------------  -------------------  ----------------------
/opt/airflow/dags/blockchain_dag.py                           0           1  0.15s           2024-08-31T00:32:37                       5
================================================================================
[2024-08-31T00:33:37.103+0000] {manager.py:997} INFO - 
================================================================================
DAG File Processing Stats

File Path                            PID    Runtime      # DAGs    # Errors  Last Runtime    Last Run               Last # of DB Queries
-----------------------------------  -----  ---------  --------  ----------  --------------  -------------------  ----------------------
/opt/airflow/dags/blockchain_dag.py                           0           1  0.18s           2024-08-31T00:33:07                       5
================================================================================
[2024-08-31T00:34:01.550+0000] {manager.py:821} INFO - Searching for files in /opt/airflow/dags
[2024-08-31T00:34:01.597+0000] {manager.py:824} INFO - There are 1 files in /opt/airflow/dags
[2024-08-31T00:34:07.709+0000] {manager.py:997} INFO - 
================================================================================
DAG File Processing Stats

File Path                            PID    Runtime      # DAGs    # Errors  Last Runtime    Last Run               Last # of DB Queries
-----------------------------------  -----  ---------  --------  ----------  --------------  -------------------  ----------------------
/opt/airflow/dags/blockchain_dag.py                           0           1  0.27s           2024-08-31T00:33:38                       5
================================================================================
[2024-08-31T00:34:38.180+0000] {manager.py:997} INFO - 
================================================================================
DAG File Processing Stats

File Path                            PID    Runtime      # DAGs    # Errors  Last Runtime    Last Run               Last # of DB Queries
-----------------------------------  -----  ---------  --------  ----------  --------------  -------------------  ----------------------
/opt/airflow/dags/blockchain_dag.py                           0           1  0.23s           2024-08-31T00:34:08                       5
================================================================================
[2024-08-31T00:35:08.899+0000] {manager.py:997} INFO - 
================================================================================
DAG File Processing Stats

File Path                            PID    Runtime      # DAGs    # Errors  Last Runtime    Last Run               Last # of DB Queries
-----------------------------------  -----  ---------  --------  ----------  --------------  -------------------  ----------------------
/opt/airflow/dags/blockchain_dag.py                           0           1  0.23s           2024-08-31T00:34:39                       5
================================================================================
[2024-08-31T00:35:39.442+0000] {manager.py:997} INFO - 
================================================================================
DAG File Processing Stats

File Path                            PID    Runtime      # DAGs    # Errors  Last Runtime    Last Run               Last # of DB Queries
-----------------------------------  -----  ---------  --------  ----------  --------------  -------------------  ----------------------
/opt/airflow/dags/blockchain_dag.py                           0           1  0.20s           2024-08-31T00:35:10                       5
================================================================================
[2024-08-31T00:36:09.802+0000] {manager.py:997} INFO - 
================================================================================
DAG File Processing Stats

File Path                            PID    Runtime      # DAGs    # Errors  Last Runtime    Last Run               Last # of DB Queries
-----------------------------------  -----  ---------  --------  ----------  --------------  -------------------  ----------------------
/opt/airflow/dags/blockchain_dag.py                           0           1  0.21s           2024-08-31T00:35:40                       5
================================================================================
[2024-08-31T00:36:39.924+0000] {manager.py:997} INFO - 
================================================================================
DAG File Processing Stats

File Path                            PID    Runtime      # DAGs    # Errors  Last Runtime    Last Run               Last # of DB Queries
-----------------------------------  -----  ---------  --------  ----------  --------------  -------------------  ----------------------
/opt/airflow/dags/blockchain_dag.py                           0           1  1.73s           2024-08-31T00:36:12                       5
================================================================================
[2024-08-31T00:37:10.426+0000] {manager.py:997} INFO - 
================================================================================
DAG File Processing Stats

File Path                            PID    Runtime      # DAGs    # Errors  Last Runtime    Last Run               Last # of DB Queries
-----------------------------------  -----  ---------  --------  ----------  --------------  -------------------  ----------------------
/opt/airflow/dags/blockchain_dag.py                           0           1  0.25s           2024-08-31T00:36:43                       5
================================================================================
[2024-08-31T00:37:40.849+0000] {manager.py:997} INFO - 
================================================================================
DAG File Processing Stats

File Path                            PID    Runtime      # DAGs    # Errors  Last Runtime    Last Run               Last # of DB Queries
-----------------------------------  -----  ---------  --------  ----------  --------------  -------------------  ----------------------
/opt/airflow/dags/blockchain_dag.py                           0           1  0.15s           2024-08-31T00:37:13                       5
================================================================================
[2024-08-31T00:38:11.485+0000] {manager.py:997} INFO - 
================================================================================
DAG File Processing Stats

File Path                            PID    Runtime      # DAGs    # Errors  Last Runtime    Last Run               Last # of DB Queries
-----------------------------------  -----  ---------  --------  ----------  --------------  -------------------  ----------------------
/opt/airflow/dags/blockchain_dag.py                           0           1  0.17s           2024-08-31T00:37:44                       5
================================================================================
[2024-08-31T00:38:42.024+0000] {manager.py:997} INFO - 
================================================================================
DAG File Processing Stats

File Path                            PID    Runtime      # DAGs    # Errors  Last Runtime    Last Run               Last # of DB Queries
-----------------------------------  -----  ---------  --------  ----------  --------------  -------------------  ----------------------
/opt/airflow/dags/blockchain_dag.py                           0           1  0.27s           2024-08-31T00:38:14                       5
================================================================================
[2024-08-31T00:39:01.578+0000] {manager.py:821} INFO - Searching for files in /opt/airflow/dags
[2024-08-31T00:39:01.609+0000] {manager.py:824} INFO - There are 1 files in /opt/airflow/dags
[2024-08-31T00:39:12.778+0000] {manager.py:997} INFO - 
================================================================================
DAG File Processing Stats

File Path                            PID    Runtime      # DAGs    # Errors  Last Runtime    Last Run               Last # of DB Queries
-----------------------------------  -----  ---------  --------  ----------  --------------  -------------------  ----------------------
/opt/airflow/dags/blockchain_dag.py                           0           1  0.38s           2024-08-31T00:38:45                       5
================================================================================
[2024-08-31T00:39:43.141+0000] {manager.py:997} INFO - 
================================================================================
DAG File Processing Stats

File Path                            PID    Runtime      # DAGs    # Errors  Last Runtime    Last Run               Last # of DB Queries
-----------------------------------  -----  ---------  --------  ----------  --------------  -------------------  ----------------------
/opt/airflow/dags/blockchain_dag.py                           0           1  0.14s           2024-08-31T00:39:15                       5
================================================================================
[2024-08-31T00:40:13.777+0000] {manager.py:997} INFO - 
================================================================================
DAG File Processing Stats

File Path                            PID    Runtime      # DAGs    # Errors  Last Runtime    Last Run               Last # of DB Queries
-----------------------------------  -----  ---------  --------  ----------  --------------  -------------------  ----------------------
/opt/airflow/dags/blockchain_dag.py                           0           1  0.19s           2024-08-31T00:39:46                       5
================================================================================
[2024-08-31T00:40:44.167+0000] {manager.py:997} INFO - 
================================================================================
DAG File Processing Stats

File Path                            PID    Runtime      # DAGs    # Errors  Last Runtime    Last Run               Last # of DB Queries
-----------------------------------  -----  ---------  --------  ----------  --------------  -------------------  ----------------------
/opt/airflow/dags/blockchain_dag.py                           0           1  0.14s           2024-08-31T00:40:16                       5
================================================================================
[2024-08-31T00:41:14.649+0000] {manager.py:997} INFO - 
================================================================================
DAG File Processing Stats

File Path                            PID    Runtime      # DAGs    # Errors  Last Runtime    Last Run               Last # of DB Queries
-----------------------------------  -----  ---------  --------  ----------  --------------  -------------------  ----------------------
/opt/airflow/dags/blockchain_dag.py                           0           1  0.15s           2024-08-31T00:40:47                       5
================================================================================
[2024-08-31T00:41:45.128+0000] {manager.py:997} INFO - 
================================================================================
DAG File Processing Stats

File Path                            PID    Runtime      # DAGs    # Errors  Last Runtime    Last Run               Last # of DB Queries
-----------------------------------  -----  ---------  --------  ----------  --------------  -------------------  ----------------------
/opt/airflow/dags/blockchain_dag.py                           0           1  0.12s           2024-08-31T00:41:17                       5
================================================================================
[2024-08-31T00:42:15.627+0000] {manager.py:997} INFO - 
================================================================================
DAG File Processing Stats

File Path                            PID    Runtime      # DAGs    # Errors  Last Runtime    Last Run               Last # of DB Queries
-----------------------------------  -----  ---------  --------  ----------  --------------  -------------------  ----------------------
/opt/airflow/dags/blockchain_dag.py                           0           1  0.19s           2024-08-31T00:41:48                       5
================================================================================
[2024-08-31T00:42:46.114+0000] {manager.py:997} INFO - 
================================================================================
DAG File Processing Stats

File Path                            PID    Runtime      # DAGs    # Errors  Last Runtime    Last Run               Last # of DB Queries
-----------------------------------  -----  ---------  --------  ----------  --------------  -------------------  ----------------------
/opt/airflow/dags/blockchain_dag.py                           0           1  0.16s           2024-08-31T00:42:18                       5
================================================================================
[2024-08-31T00:43:16.589+0000] {manager.py:997} INFO - 
================================================================================
DAG File Processing Stats

File Path                            PID    Runtime      # DAGs    # Errors  Last Runtime    Last Run               Last # of DB Queries
-----------------------------------  -----  ---------  --------  ----------  --------------  -------------------  ----------------------
/opt/airflow/dags/blockchain_dag.py                           0           1  0.15s           2024-08-31T00:42:49                       5
================================================================================
[2024-08-31T00:43:47.141+0000] {manager.py:997} INFO - 
================================================================================
DAG File Processing Stats

File Path                            PID    Runtime      # DAGs    # Errors  Last Runtime    Last Run               Last # of DB Queries
-----------------------------------  -----  ---------  --------  ----------  --------------  -------------------  ----------------------
/opt/airflow/dags/blockchain_dag.py                           0           1  0.12s           2024-08-31T00:43:19                       5
================================================================================
[2024-08-31T00:47:38.455+0000] {manager.py:483} INFO - Processing files using up to 2 processes at a time 
[2024-08-31T00:47:38.457+0000] {manager.py:484} INFO - Process each file at most once every 30 seconds
[2024-08-31T00:47:38.458+0000] {manager.py:485} INFO - Checking for new files in /opt/airflow/dags every 300 seconds
[2024-08-31T00:47:38.460+0000] {manager.py:821} INFO - Searching for files in /opt/airflow/dags
[2024-08-31T00:47:38.499+0000] {manager.py:824} INFO - There are 1 files in /opt/airflow/dags
[2024-08-31T00:47:38.651+0000] {manager.py:997} INFO - 
================================================================================
DAG File Processing Stats

File Path                              PID  Runtime      # DAGs    # Errors  Last Runtime    Last Run      Last # of DB Queries
-----------------------------------  -----  ---------  --------  ----------  --------------  ----------  ----------------------
/opt/airflow/dags/blockchain_dag.py     38  0.05s             0           0                                                   0
================================================================================
[2024-08-31T00:48:09.203+0000] {manager.py:997} INFO - 
================================================================================
DAG File Processing Stats

File Path                              PID  Runtime      # DAGs    # Errors  Last Runtime    Last Run               Last # of DB Queries
-----------------------------------  -----  ---------  --------  ----------  --------------  -------------------  ----------------------
/opt/airflow/dags/blockchain_dag.py     45  0.01s             0           1  0.20s           2024-08-31T00:47:38                       5
================================================================================
[2024-08-31T00:48:39.749+0000] {manager.py:997} INFO - 
================================================================================
DAG File Processing Stats

File Path                              PID  Runtime      # DAGs    # Errors  Last Runtime    Last Run               Last # of DB Queries
-----------------------------------  -----  ---------  --------  ----------  --------------  -------------------  ----------------------
/opt/airflow/dags/blockchain_dag.py     52  0.02s             0           1  0.16s           2024-08-31T00:48:09                       5
================================================================================
[2024-08-31T00:48:54.769+0000] {manager.py:465} INFO - Exiting gracefully upon receiving signal 15
